VCD info: dumpfile exp_compare.vcd opened for output.

==========================================================================
    e^x Hardware Comparison: Systolic (Taylor) vs CORDIC (Hyperbolic)
    Fixed-point: Q4.12 (16-bit signed)
    Systolic: 8 Taylor terms, pipelined
    CORDIC:   16 iterations, sequential FSM
    Range reduction: x = k*ln(2) + r, e^x = 2^k * e^r
==========================================================================
#    | x         | Reference   | Systolic    Err% | CORDIC      Err%
--------------------------------------------------------------------------
0    |    0.0000 |     1.00000 |     1.00000  0.00% |     1.00049  0.05%
1    |    0.1250 |     1.13315 |     1.13306  0.01% |     1.13428  0.10%
2    |    0.2500 |     1.28403 |     1.28418  0.01% |     1.28418  0.01%
3    |    0.5000 |     1.64872 |     1.64868  0.00% |     1.64941  0.04%
4    |    0.6929 |     1.99945 |     1.99927  0.01% |     1.99902  0.02%
5    |    0.7500 |     2.11700 |     2.11719  0.01% |     2.11914  0.10%
6    |    1.0000 |     2.71828 |     2.71875  0.02% |     2.71875  0.02%
7    |    1.5000 |     4.48169 |     4.48242  0.02% |     4.49023  0.19%
8    |    2.0000 |     7.38906 |     7.38965  0.01% |     7.38965  0.01%
9    |    2.5000 |    12.18249 |     7.99976 34.33% |     7.99976 34.33%
10   |    3.0000 |    20.08554 |     7.99976 60.17% |     7.99976 60.17%
11   |    3.5000 |    33.11545 |     7.99976 75.84% |     7.99976 75.84%
12   |   -0.2500 |     0.77880 |     0.77881  0.00% |     0.77954  0.10%
13   |   -0.5000 |     0.60653 |     0.60645  0.01% |     0.60669  0.03%
14   |   -0.7500 |     0.47237 |     0.47241  0.01% |     0.47266  0.06%
15   |   -1.0000 |     0.36788 |     0.36768  0.06% |     0.36768  0.06%
16   |   -1.5000 |     0.22313 |     0.22290  0.10% |     0.22314  0.01%
17   |   -2.0000 |     0.13534 |     0.13525  0.06% |     0.13525  0.06%
18   |   -3.0000 |     0.04979 |     0.04956  0.45% |     0.04956  0.45%
19   |    0.0098 |     1.00981 |     1.00977  0.00% |     1.01074  0.09%
20   |    0.0999 |     1.10501 |     1.10522  0.02% |     1.10547  0.04%
21   |    1.2500 |     3.49034 |     3.49072  0.01% |     3.49365  0.09%
22   |   -0.0999 |     0.90497 |     0.90479  0.02% |     0.90552  0.06%
23   |    4.0000 |    54.59815 |     7.99976 85.35% |     7.99976 85.35%
24   |   -4.0000 |     0.01832 |     0.01831  0.03% |     0.01831  0.03%
--------------------------------------------------------------------------

========================= ACCURACY SUMMARY ==============================
  Systolic Taylor (8 terms):
    Max absolute error : 46.598394
    Mean absolute error: 3.519471
    Max  % error       : 85.348%
    Mean % error       : 10.262%
    Mean latency       : 8 cycles

  CORDIC Hyperbolic (16 iterations):
    Max absolute error : 46.598394
    Mean absolute error: 3.520168
    Max  % error       : 85.348%
    Mean % error       : 10.293%
    Mean latency       : 18 cycles

====================== ARCHITECTURE COMPARISON ==========================
  Metric                         | Systolic             | CORDIC              
  ---------------------------------------------------------------------
  Compute paradigm               | Pipelined (spatial)  | Iterative (temporal)
  Multipliers                    | 14                   | 0                   
  Adders/Subtractors             | 7                    | 3                   
  Pipeline / state registers     | 32                   | 4                   
  Latency (cycles)               | 7                    | 18                  
  Throughput                     | 1 result/cycle       | 1 result/18 cycles
  Area cost                      | HIGH (multipliers)   | LOW (shift+add)     
  Power profile                  | Higher (parallel)    | Lower (sequential)  
  Best suited for                | High-throughput DSP  | Area-constrained    
========================================================================

